================================================================================
🎯 FINAL COMPLETE PARSER - ALL 43 APIs
================================================================================
\n📖 STEP 1: Parsing ReBIT Schemas...
✅ Parsed 23 ReBIT FI types
\n📡 STEP 2: Parsing ALL 43 FinFactor APIs...
\n🔍 Found 0 API responses
\n✅ Successfully parsed 0 / 43 APIs
\n✅ Saved to: /Users/pragyatripathi/Desktop/untitled folder/dataPointsCompare/comparison_final_all_43.json
\n================================================================================
📊 FINAL SUMMARY - ALL 43 APIs
================================================================================
\n✅ Total APIs Parsed: 0 / 43
✅ Total FinFactor Fields: 0
\n📁 ALTERNATIVE INVESTMENT FUNDS
   APIs: 0
   ReBIT: 42 | FinFactor: 0 | Common: 0 (0.0%)
\n📁 BONDS
   APIs: 0
   ReBIT: 53 | FinFactor: 0 | Common: 0 (0.0%)
\n📁 CERTIFICATES OF DEPOSIT
   APIs: 0
   ReBIT: 43 | FinFactor: 0 | Common: 0 (0.0%)
\n📁 COLLECTIVE INVESTMENT SCHEMES
   APIs: 0
   ReBIT: 36 | FinFactor: 0 | Common: 0 (0.0%)
\n📁 COMMERCIAL PAPER
   APIs: 0
   ReBIT: 42 | FinFactor: 0 | Common: 0 (0.0%)
\n📁 CREDIT CARD
   APIs: 0
   ReBIT: 38 | FinFactor: 0 | Common: 0 (0.0%)
\n📁 DEBENTURES
   APIs: 0
   ReBIT: 45 | FinFactor: 0 | Common: 0 (0.0%)
\n📁 DEPOSIT
   APIs: 0
   ReBIT: 35 | FinFactor: 0 | Common: 0 (0.0%)
\n📁 EMPLOYEE PROVIDENT FUND
   APIs: 0
   ReBIT: 31 | FinFactor: 0 | Common: 0 (0.0%)
\n📁 EQUITY SHARES
   APIs: 0
   ReBIT: 41 | FinFactor: 0 | Common: 0 (0.0%)
\n📁 EXCHANGE TRADED FUNDS
   APIs: 0
   ReBIT: 36 | FinFactor: 0 | Common: 0 (0.0%)
\n📁 GOVERNMENT SECURITIES
   APIs: 0
   ReBIT: 54 | FinFactor: 0 | Common: 0 (0.0%)
\n📁 INDIAN DEPOSITORY RECEIPTS
   APIs: 0
   ReBIT: 37 | FinFactor: 0 | Common: 0 (0.0%)
\n📁 INFRASTRUCTURE INVESTMENT TRUSTS
   APIs: 0
   ReBIT: 36 | FinFactor: 0 | Common: 0 (0.0%)
\n📁 INSURANCE POLICIES
   APIs: 0
   ReBIT: 47 | FinFactor: 0 | Common: 0 (0.0%)
\n📁 MUTUAL FUNDS
   APIs: 0
   ReBIT: 47 | FinFactor: 0 | Common: 0 (0.0%)
\n📁 NATIONAL PENSION SYSTEM
   APIs: 0
   ReBIT: 49 | FinFactor: 0 | Common: 0 (0.0%)
\n📁 PUBLIC PROVIDENT FUND
   APIs: 0
   ReBIT: 28 | FinFactor: 0 | Common: 0 (0.0%)
\n📁 REAL ESTATE INVESTMENT TRUSTS
   APIs: 0
   ReBIT: 38 | FinFactor: 0 | Common: 0 (0.0%)
\n📁 RECURRING DEPOSIT
   APIs: 0
   ReBIT: 43 | FinFactor: 0 | Common: 0 (0.0%)
\n📁 SYSTEMATIC INVESTMENT PLAN
   APIs: 0
   ReBIT: 49 | FinFactor: 0 | Common: 0 (0.0%)
\n📁 TERM DEPOSIT
   APIs: 0
   ReBIT: 41 | FinFactor: 0 | Common: 0 (0.0%)
\n📁 UNIT LINKED INSURANCE PLAN
   APIs: 0
   ReBIT: 45 | FinFactor: 0 | Common: 0 (0.0%)
\n================================================================================
